

Started GET "/" for ::1 at 2015-11-11 14:23:35 +0100
Processing by Rails::WelcomeController#index as HTML
  Rendered /Users/dplo/.rvm/gems/ruby-1.9.3-p550/gems/railties-4.2.4/lib/rails/templates/rails/welcome/index.html.erb (24.7ms)
Completed 200 OK in 38ms (Views: 30.9ms)


Started GET "/records" for ::1 at 2015-11-11 14:23:39 +0100
Processing by RecordsController#index as HTML
  Rendered records/index.html.erb within layouts/application (13.1ms)
Completed 500 Internal Server Error in 24ms

ActionView::Template::Error (
message:
  No configuration could be found for a client named 'default'.
summary:
  When attempting to create the new client, Mongoid could not find a client configuration for the name: 'default'. This is necessary in order to know the host, port, and options needed to connect.
resolution:
  Double check your mongoid.yml to make sure under the clients key that a configuration exists for 'default'. If you have set the configuration programatically, ensure that 'default' exists in the configuration hash.):
    10:   </thead>
    11: 
    12:   <tbody>
    13:     <% @records.each do |record| %>
    14:       <tr>
    15:         <td><%= link_to 'Show', record %></td>
    16:         <td><%= link_to 'Edit', edit_record_path(record) %></td>
  app/views/records/index.html.erb:13:in `_app_views_records_index_html_erb__2222500812805045698_70347143779260'


  Rendered /Users/dplo/.rvm/gems/ruby-1.9.3-p550/gems/actionpack-4.2.4/lib/action_dispatch/middleware/templates/rescues/_source.erb (4.8ms)
  Rendered /Users/dplo/.rvm/gems/ruby-1.9.3-p550/gems/actionpack-4.2.4/lib/action_dispatch/middleware/templates/rescues/_trace.html.erb (1.8ms)
  Rendered /Users/dplo/.rvm/gems/ruby-1.9.3-p550/gems/actionpack-4.2.4/lib/action_dispatch/middleware/templates/rescues/_request_and_response.html.erb (0.5ms)
  Rendered /Users/dplo/.rvm/gems/ruby-1.9.3-p550/gems/actionpack-4.2.4/lib/action_dispatch/middleware/templates/rescues/template_error.html.erb within rescues/layout (15.5ms)
  Rendered /Users/dplo/.rvm/gems/ruby-1.9.3-p550/gems/web-console-2.2.1/lib/web_console/templates/_markup.html.erb (0.3ms)
  Rendered /Users/dplo/.rvm/gems/ruby-1.9.3-p550/gems/web-console-2.2.1/lib/web_console/templates/_inner_console_markup.html.erb within layouts/inlined_string (0.3ms)
  Rendered /Users/dplo/.rvm/gems/ruby-1.9.3-p550/gems/web-console-2.2.1/lib/web_console/templates/_prompt_box_markup.html.erb within layouts/inlined_string (0.2ms)
  Rendered /Users/dplo/.rvm/gems/ruby-1.9.3-p550/gems/web-console-2.2.1/lib/web_console/templates/style.css.erb within layouts/inlined_string (0.2ms)
  Rendered /Users/dplo/.rvm/gems/ruby-1.9.3-p550/gems/web-console-2.2.1/lib/web_console/templates/console.js.erb within layouts/javascript (41.8ms)
  Rendered /Users/dplo/.rvm/gems/ruby-1.9.3-p550/gems/web-console-2.2.1/lib/web_console/templates/main.js.erb within layouts/javascript (0.2ms)
  Rendered /Users/dplo/.rvm/gems/ruby-1.9.3-p550/gems/web-console-2.2.1/lib/web_console/templates/error_page.js.erb within layouts/javascript (0.2ms)
  Rendered /Users/dplo/.rvm/gems/ruby-1.9.3-p550/gems/web-console-2.2.1/lib/web_console/templates/index.html.erb (55.9ms)


Started GET "/records" for ::1 at 2015-11-11 14:24:36 +0100
Processing by RecordsController#index as HTML
  Rendered records/index.html.erb within layouts/application (32.3ms)
Completed 200 OK in 1585ms (Views: 1568.8ms)


Started GET "/records" for ::1 at 2015-11-11 14:24:39 +0100
Processing by RecordsController#index as HTML
  Rendered records/index.html.erb within layouts/application (1.6ms)
Completed 200 OK in 24ms (Views: 22.8ms)


Started GET "/assets/scaffolds.self-2915f93d4c662ed69bb32f941528e6fbadd009644e2bc2a731ebc552a332ea62.css?body=1" for ::1 at 2015-11-11 14:24:39 +0100


Started GET "/records" for ::1 at 2015-11-11 14:24:41 +0100
Processing by RecordsController#index as HTML
  Rendered records/index.html.erb within layouts/application (1.1ms)
Completed 200 OK in 21ms (Views: 20.9ms)


Started GET "/assets/records.self-e3b0c44298fc1c149afbf4c8996fb92427ae41e4649b934ca495991b7852b855.css?body=1" for ::1 at 2015-11-11 14:24:41 +0100


Started GET "/assets/turbolinks.self-c37727e9bd6b2735da5c311aa83fead54ed0be6cc8bd9a65309e9c5abe2cbfff.js?body=1" for ::1 at 2015-11-11 14:24:41 +0100


Started GET "/assets/application.self-e80e8f2318043e8af94dddc2adad5a4f09739a8ebb323b3ab31cd71d45fd9113.css?body=1" for ::1 at 2015-11-11 14:24:41 +0100


Started GET "/assets/jquery.self-a714331225dda820228db323939889f149aec0127aeb06255646b616ba1ca419.js?body=1" for ::1 at 2015-11-11 14:24:41 +0100


Started GET "/assets/scaffolds.self-2915f93d4c662ed69bb32f941528e6fbadd009644e2bc2a731ebc552a332ea62.css?body=1" for ::1 at 2015-11-11 14:24:41 +0100


Started GET "/assets/jquery_ujs.self-d456baa54c1fa6be2ec3711f0a72ddf7a5b2f34a6b4f515f33767d6207b7d4b3.js?body=1" for ::1 at 2015-11-11 14:24:41 +0100


Started GET "/assets/application.self-3b8dabdc891efe46b9a144b400ad69e37d7e5876bdc39dee783419a69d7ca819.js?body=1" for ::1 at 2015-11-11 14:24:41 +0100


Started GET "/assets/records.self-877aef30ae1b040ab8a3aba4e3e309a11d7f2612f44dde450b5c157aa5f95c05.js?body=1" for ::1 at 2015-11-11 14:24:41 +0100


Started GET "/assets/turbolinks.self-c37727e9bd6b2735da5c311aa83fead54ed0be6cc8bd9a65309e9c5abe2cbfff.js?body=1" for ::1 at 2015-11-11 14:24:41 +0100


Started GET "/records" for ::1 at 2015-11-11 14:25:19 +0100
Processing by RecordsController#index as HTML
  Rendered records/index.html.erb within layouts/application (0.5ms)
Completed 200 OK in 23ms (Views: 21.3ms)


Started GET "/assets/records.self-e3b0c44298fc1c149afbf4c8996fb92427ae41e4649b934ca495991b7852b855.css?body=1" for ::1 at 2015-11-11 14:25:19 +0100


Started GET "/assets/scaffolds.self-2915f93d4c662ed69bb32f941528e6fbadd009644e2bc2a731ebc552a332ea62.css?body=1" for ::1 at 2015-11-11 14:25:19 +0100


Started GET "/assets/jquery_ujs.self-d456baa54c1fa6be2ec3711f0a72ddf7a5b2f34a6b4f515f33767d6207b7d4b3.js?body=1" for ::1 at 2015-11-11 14:25:19 +0100


Started GET "/assets/jquery.self-a714331225dda820228db323939889f149aec0127aeb06255646b616ba1ca419.js?body=1" for ::1 at 2015-11-11 14:25:19 +0100


Started GET "/assets/application.self-e80e8f2318043e8af94dddc2adad5a4f09739a8ebb323b3ab31cd71d45fd9113.css?body=1" for ::1 at 2015-11-11 14:25:19 +0100


Started GET "/assets/turbolinks.self-c37727e9bd6b2735da5c311aa83fead54ed0be6cc8bd9a65309e9c5abe2cbfff.js?body=1" for ::1 at 2015-11-11 14:25:19 +0100


Started GET "/assets/records.self-877aef30ae1b040ab8a3aba4e3e309a11d7f2612f44dde450b5c157aa5f95c05.js?body=1" for ::1 at 2015-11-11 14:25:19 +0100


Started GET "/assets/application.self-3b8dabdc891efe46b9a144b400ad69e37d7e5876bdc39dee783419a69d7ca819.js?body=1" for ::1 at 2015-11-11 14:25:19 +0100


Started GET "/assets/jquery_ujs.self-d456baa54c1fa6be2ec3711f0a72ddf7a5b2f34a6b4f515f33767d6207b7d4b3.js?body=1" for ::1 at 2015-11-11 14:25:19 +0100


Started GET "/assets/turbolinks.self-c37727e9bd6b2735da5c311aa83fead54ed0be6cc8bd9a65309e9c5abe2cbfff.js?body=1" for ::1 at 2015-11-11 14:25:19 +0100


Started GET "/records" for ::1 at 2015-11-11 14:26:40 +0100
Processing by RecordsController#index as HTML
  Rendered records/index.html.erb within layouts/application (0.3ms)
Completed 200 OK in 21ms (Views: 20.7ms)


Started GET "/assets/records.self-e3b0c44298fc1c149afbf4c8996fb92427ae41e4649b934ca495991b7852b855.css?body=1" for ::1 at 2015-11-11 14:26:40 +0100


Started GET "/assets/scaffolds.self-2915f93d4c662ed69bb32f941528e6fbadd009644e2bc2a731ebc552a332ea62.css?body=1" for ::1 at 2015-11-11 14:26:40 +0100


Started GET "/assets/jquery.self-a714331225dda820228db323939889f149aec0127aeb06255646b616ba1ca419.js?body=1" for ::1 at 2015-11-11 14:26:40 +0100


Started GET "/assets/application.self-e80e8f2318043e8af94dddc2adad5a4f09739a8ebb323b3ab31cd71d45fd9113.css?body=1" for ::1 at 2015-11-11 14:26:40 +0100


Started GET "/assets/jquery_ujs.self-d456baa54c1fa6be2ec3711f0a72ddf7a5b2f34a6b4f515f33767d6207b7d4b3.js?body=1" for ::1 at 2015-11-11 14:26:40 +0100


Started GET "/assets/turbolinks.self-c37727e9bd6b2735da5c311aa83fead54ed0be6cc8bd9a65309e9c5abe2cbfff.js?body=1" for ::1 at 2015-11-11 14:26:40 +0100


Started GET "/assets/records.self-877aef30ae1b040ab8a3aba4e3e309a11d7f2612f44dde450b5c157aa5f95c05.js?body=1" for ::1 at 2015-11-11 14:26:40 +0100


Started GET "/assets/application.self-3b8dabdc891efe46b9a144b400ad69e37d7e5876bdc39dee783419a69d7ca819.js?body=1" for ::1 at 2015-11-11 14:26:40 +0100


Started GET "/records" for ::1 at 2015-11-11 14:28:40 +0100
Processing by RecordsController#index as HTML
  Rendered records/index.html.erb within layouts/application (0.0ms)
Completed 200 OK in 21ms (Views: 20.5ms)


Started GET "/assets/scaffolds.self-2915f93d4c662ed69bb32f941528e6fbadd009644e2bc2a731ebc552a332ea62.css?body=1" for ::1 at 2015-11-11 14:28:40 +0100


Started GET "/assets/records.self-e3b0c44298fc1c149afbf4c8996fb92427ae41e4649b934ca495991b7852b855.css?body=1" for ::1 at 2015-11-11 14:28:40 +0100


Started GET "/assets/application.self-e80e8f2318043e8af94dddc2adad5a4f09739a8ebb323b3ab31cd71d45fd9113.css?body=1" for ::1 at 2015-11-11 14:28:40 +0100


Started GET "/assets/jquery_ujs.self-d456baa54c1fa6be2ec3711f0a72ddf7a5b2f34a6b4f515f33767d6207b7d4b3.js?body=1" for ::1 at 2015-11-11 14:28:40 +0100


Started GET "/assets/jquery.self-a714331225dda820228db323939889f149aec0127aeb06255646b616ba1ca419.js?body=1" for ::1 at 2015-11-11 14:28:40 +0100


Started GET "/assets/turbolinks.self-c37727e9bd6b2735da5c311aa83fead54ed0be6cc8bd9a65309e9c5abe2cbfff.js?body=1" for ::1 at 2015-11-11 14:28:40 +0100


Started GET "/assets/records.self-877aef30ae1b040ab8a3aba4e3e309a11d7f2612f44dde450b5c157aa5f95c05.js?body=1" for ::1 at 2015-11-11 14:28:40 +0100


Started GET "/assets/application.self-3b8dabdc891efe46b9a144b400ad69e37d7e5876bdc39dee783419a69d7ca819.js?body=1" for ::1 at 2015-11-11 14:28:40 +0100
